<?xml version="1.0" encoding="UTF-8"?>
<testsuite name="com.example.busbooking.staff.utils.StaffFormattersTest" tests="3" skipped="0" failures="0" errors="0" timestamp="2026-06-02T07:48:30.626Z" hostname="LOQTUSS" time="0.015">
  <properties/>
  <testcase name="scheduledTripBeforeDepartureShowsScheduled" classname="com.example.busbooking.staff.utils.StaffFormattersTest" time="0.009"/>
  <testcase name="scheduledTripAfterDepartureShowsDeparted" classname="com.example.busbooking.staff.utils.StaffFormattersTest" time="0.0"/>
  <testcase name="finalTripStatusIsNotOverriddenByDepartureTime" classname="com.example.busbooking.staff.utils.StaffFormattersTest" time="0.0"/>
  <system-out><![CDATA[]]></system-out>
  <system-err><![CDATA[]]></system-err>
</testsuite>
